<?xml version="1.0" encoding="UTF-8"?>
<!-- Generated by org.testng.reporters.JUnitReportReporter -->
<testsuite skipped="0" hostname="XIPLRAC037" name="TestCases.Login" tests="1" failures="0" timestamp="13 Feb 2019 10:00:13 GMT" time="14.201" errors="0">
  <testcase name="login" time="14.201" classname="TestCases.Login"/>
</testsuite> <!-- TestCases.Login -->
