<?xml version="1.0" encoding="UTF-8"?>
<!-- Generated by org.testng.reporters.JUnitReportReporter -->
<testsuite skipped="0" hostname="XIPLRAC037" name="TestCases.Login2EC" tests="1" failures="0" timestamp="15 Mar 2019 12:29:01 GMT" time="9.674" errors="0">
  <testcase name="login" time="9.674" classname="TestCases.Login2EC"/>
</testsuite> <!-- TestCases.Login2EC -->
